==5862== Memcheck, a memory error detector
==5862== Copyright (C) 2002-2017, and GNU GPL'd, by Julian Seward et al.
==5862== Using Valgrind-3.15.0 and LibVEX; rerun with -h for copyright info
==5862== Command: sudokusolver sudoku-position.txt
==5862== 
00:12:35 [info ] ../src/game/sudoku_game.cpp:20(load) reading data in /tmp/test.txt
00:12:35 [info ] ../src/game/sudoku_tree.cpp:41(solve) start solve
00:12:35 [info ] ../src/game/sudoku_tree.cpp:98(apply) position

0 0 3    0 2 0    6 0 0 
9 0 0    3 0 5    0 0 1 
0 0 1    8 0 6    4 0 0 

0 0 8    1 0 2    9 0 0 
7 0 0    0 0 0    0 0 8 
0 0 6    7 0 8    2 0 0 

0 0 2    6 0 9    5 0 0 
8 0 0    2 0 3    0 0 9 
0 0 5    0 1 0    3 0 0 


00:12:35 [info ] ../src/sudokusolver.cpp:81(main) sudoku solved!!
00:12:35 [info ] ../src/sudokusolver.cpp:88(main) final position

4 8 3    9 2 1    6 5 7 
9 6 7    3 4 5    8 2 1 
2 5 1    8 7 6    4 9 3 

5 4 8    1 3 2    9 7 6 
7 2 9    5 6 4    1 3 8 
1 3 6    7 9 8    2 4 5 

3 7 2    6 8 9    5 1 4 
8 1 4    2 5 3    7 6 9 
6 9 5    4 1 7    3 8 2 


00:12:35 [info ] ../src/sudokusolver.cpp:90(main) solution time: 714ms
00:12:35 [info ] ../src/sudokusolver.cpp:92(main) boards examined: 81
==5862== 
==5862== HEAP SUMMARY:
==5862==     in use at exit: 3,146 bytes in 9 blocks
==5862==   total heap usage: 4,661 allocs, 4,652 frees, 783,262 bytes allocated
==5862== 
==5862== LEAK SUMMARY:
==5862==    definitely lost: 0 bytes in 0 blocks
==5862==    indirectly lost: 0 bytes in 0 blocks
==5862==      possibly lost: 0 bytes in 0 blocks
==5862==    still reachable: 3,146 bytes in 9 blocks
==5862==         suppressed: 0 bytes in 0 blocks
==5862== Reachable blocks (those to which a pointer was found) are not shown.
==5862== To see them, rerun with: --leak-check=full --show-leak-kinds=all
==5862== 
==5862== ERROR SUMMARY: 0 errors from 0 contexts (suppressed: 0 from 0)
